<?xml version="1.0" encoding="UTF-8"?>
<testng-results ignored="0" total="1" passed="1" failed="0" skipped="0">
  <reporter-output>
  </reporter-output>
  <suite started-at="2025-06-24T12:38:03 IST" name="Default suite" finished-at="2025-06-24T12:38:19 IST" duration-ms="15661">
    <groups>
    </groups>
    <test started-at="2025-06-24T12:38:03 IST" name="Default test" finished-at="2025-06-24T12:38:19 IST" duration-ms="15661">
      <class name="driverfactory.AppTest">
        <test-method signature="starttest()[pri:0, instance:driverfactory.AppTest@40005471]" started-at="2025-06-24T12:38:03 IST" name="starttest" finished-at="2025-06-24T12:38:19 IST" duration-ms="15589" status="PASS">
          <reporter-output>
          </reporter-output>
        </test-method> <!-- starttest -->
      </class> <!-- driverfactory.AppTest -->
    </test> <!-- Default test -->
  </suite> <!-- Default suite -->
</testng-results>
